[debug] [2023-09-19T09:51:13.185Z] ----------------------------------------------------------------------
[debug] [2023-09-19T09:51:13.188Z] Command:       C:\Program Files\nodejs\node.exe C:\Users\Rohan\AppData\Roaming\npm\node_modules\firebase-tools\lib\bin\firebase.js deploy
[debug] [2023-09-19T09:51:13.188Z] CLI Version:   12.5.4
[debug] [2023-09-19T09:51:13.188Z] Platform:      win32
[debug] [2023-09-19T09:51:13.188Z] Node Version:  v20.5.1
[debug] [2023-09-19T09:51:13.188Z] Time:          Tue Sep 19 2023 15:21:13 GMT+0530 (India Standard Time)
[debug] [2023-09-19T09:51:13.188Z] ----------------------------------------------------------------------
[debug] 
[debug] [2023-09-19T09:51:13.271Z] > command requires scopes: ["email","openid","https://www.googleapis.com/auth/cloudplatformprojects.readonly","https://www.googleapis.com/auth/firebase","https://www.googleapis.com/auth/cloud-platform"]
[debug] [2023-09-19T09:51:13.271Z] > authorizing via signed-in user (sharmar981099@gmail.com)
[debug] [2023-09-19T09:51:13.272Z] [iam] checking project chatalone for permissions ["firebase.projects.get","firebasehosting.sites.update"]
[debug] [2023-09-19T09:51:13.273Z] >>> [apiv2][query] POST https://cloudresourcemanager.googleapis.com/v1/projects/chatalone:testIamPermissions [none]
[debug] [2023-09-19T09:51:13.273Z] >>> [apiv2][(partial)header] POST https://cloudresourcemanager.googleapis.com/v1/projects/chatalone:testIamPermissions x-goog-quota-user=projects/chatalone
[debug] [2023-09-19T09:51:13.273Z] >>> [apiv2][body] POST https://cloudresourcemanager.googleapis.com/v1/projects/chatalone:testIamPermissions {"permissions":["firebase.projects.get","firebasehosting.sites.update"]}
[debug] [2023-09-19T09:51:15.100Z] <<< [apiv2][status] POST https://cloudresourcemanager.googleapis.com/v1/projects/chatalone:testIamPermissions 200
[debug] [2023-09-19T09:51:15.100Z] <<< [apiv2][body] POST https://cloudresourcemanager.googleapis.com/v1/projects/chatalone:testIamPermissions {}
[debug] [2023-09-19T09:51:15.101Z] [iam] error while checking permissions, command may fail: FirebaseError: Authorization failed. This account is missing the following required permissions on project chatalone:

  firebase.projects.get
  firebasehosting.sites.update
[debug] [2023-09-19T09:51:15.101Z] >>> [apiv2][query] GET https://firebase.googleapis.com/v1beta1/projects/chatalone [none]
[debug] [2023-09-19T09:51:15.663Z] <<< [apiv2][status] GET https://firebase.googleapis.com/v1beta1/projects/chatalone 403
[debug] [2023-09-19T09:51:15.663Z] <<< [apiv2][body] GET https://firebase.googleapis.com/v1beta1/projects/chatalone {"error":{"code":403,"message":"The caller does not have permission","status":"PERMISSION_DENIED"}}
[debug] [2023-09-19T09:51:15.664Z] HTTP Error: 403, The caller does not have permission
[debug] [2023-09-19T09:51:15.858Z] FirebaseError: HTTP Error: 403, The caller does not have permission
    at responseToError (C:\Users\Rohan\AppData\Roaming\npm\node_modules\firebase-tools\lib\responseToError.js:49:12)
    at RetryOperation._fn (C:\Users\Rohan\AppData\Roaming\npm\node_modules\firebase-tools\lib\apiv2.js:285:77)
    at process.processTicksAndRejections (node:internal/process/task_queues:95:5)
[error] 
[error] Error: Failed to get Firebase project chatalone. Please make sure the project exists and your account has permission to access it.
